DEBUG main io.netty.util.internal.logging.InternalLoggerFactory - Using SLF4J as the default logging framework
DEBUG main io.netty.util.ResourceLeakDetector - -Dio.netty.leakDetection.level: simple
DEBUG main io.netty.util.ResourceLeakDetector - -Dio.netty.leakDetection.targetRecords: 4
DEBUG main io.netty.util.ResourceLeakDetectorFactory - Loaded default ResourceLeakDetector: io.netty.util.ResourceLeakDetector@1e6454ec
DEBUG main io.netty.util.internal.PlatformDependent0 - -Dio.netty.noUnsafe: false
DEBUG main io.netty.util.internal.PlatformDependent0 - Java version: 11
DEBUG main io.netty.util.internal.PlatformDependent0 - sun.misc.Unsafe.theUnsafe: available
DEBUG main io.netty.util.internal.PlatformDependent0 - sun.misc.Unsafe.copyMemory: available
DEBUG main io.netty.util.internal.PlatformDependent0 - sun.misc.Unsafe.storeFence: available
DEBUG main io.netty.util.internal.PlatformDependent0 - java.nio.Buffer.address: available
DEBUG main io.netty.util.internal.PlatformDependent0 - direct buffer constructor: unavailable: Reflective setAccessible(true) disabled
DEBUG main io.netty.util.internal.PlatformDependent0 - java.nio.Bits.unaligned: available, true
DEBUG main io.netty.util.internal.PlatformDependent0 - jdk.internal.misc.Unsafe.allocateUninitializedArray(int): unavailable: class io.netty.util.internal.PlatformDependent0$7 cannot access class jdk.internal.misc.Unsafe (in module java.base) because module java.base does not export jdk.internal.misc to unnamed module @7e7be63f
DEBUG main io.netty.util.internal.PlatformDependent0 - java.nio.DirectByteBuffer.<init>(long, int): unavailable
DEBUG main io.netty.util.internal.PlatformDependent - sun.misc.Unsafe: available
DEBUG main io.netty.util.internal.PlatformDependent - maxDirectMemory: 2103443456 bytes (maybe)
DEBUG main io.netty.util.internal.PlatformDependent - -Dio.netty.tmpdir: C:\Users\admin\AppData\Local\Temp (java.io.tmpdir)
DEBUG main io.netty.util.internal.PlatformDependent - -Dio.netty.bitMode: 64 (sun.arch.data.model)
DEBUG main io.netty.util.internal.PlatformDependent - Platform: Windows
DEBUG main io.netty.util.internal.PlatformDependent - -Dio.netty.maxDirectMemory: -1 bytes
DEBUG main io.netty.util.internal.PlatformDependent - -Dio.netty.uninitializedArrayAllocationThreshold: -1
DEBUG main io.netty.util.internal.CleanerJava9 - java.nio.ByteBuffer.cleaner(): available
DEBUG main io.netty.util.internal.PlatformDependent - -Dio.netty.noPreferDirect: false
DEBUG main io.netty.util.internal.PlatformDependent - org.jctools-core.MpscChunkedArrayQueue: available
DEBUG main io.netty.util.internal.InternalThreadLocalMap - -Dio.netty.threadLocalMap.stringBuilder.initialSize: 1024
DEBUG main io.netty.util.internal.InternalThreadLocalMap - -Dio.netty.threadLocalMap.stringBuilder.maxSize: 4096
DEBUG main io.netty.handler.ssl.JdkSslContext - Default protocols (JDK): [TLSv1.3, TLSv1.2, TLSv1.1, TLSv1] 
DEBUG main io.netty.handler.ssl.JdkSslContext - Default cipher suites (JDK): [TLS_ECDHE_ECDSA_WITH_AES_256_GCM_SHA384, TLS_ECDHE_ECDSA_WITH_AES_128_GCM_SHA256, TLS_ECDHE_RSA_WITH_AES_128_GCM_SHA256, TLS_ECDHE_RSA_WITH_AES_256_GCM_SHA384, TLS_ECDHE_RSA_WITH_AES_128_CBC_SHA, TLS_ECDHE_RSA_WITH_AES_256_CBC_SHA, TLS_RSA_WITH_AES_128_GCM_SHA256, TLS_RSA_WITH_AES_128_CBC_SHA, TLS_RSA_WITH_AES_256_CBC_SHA, TLS_AES_128_GCM_SHA256, TLS_AES_256_GCM_SHA384]
DEBUG main io.netty.util.concurrent.GlobalEventExecutor - -Dio.netty.globalEventExecutor.quietPeriodSeconds: 1
DEBUG main io.netty.channel.MultithreadEventLoopGroup - -Dio.netty.eventLoopThreads: 16
DEBUG main io.netty.channel.nio.NioEventLoop - -Dio.netty.noKeySetOptimization: false
DEBUG main io.netty.channel.nio.NioEventLoop - -Dio.netty.selectorAutoRebuildThreshold: 512
DEBUG main io.netty.buffer.PooledByteBufAllocator - -Dio.netty.allocator.numHeapArenas: 16
DEBUG main io.netty.buffer.PooledByteBufAllocator - -Dio.netty.allocator.numDirectArenas: 16
DEBUG main io.netty.buffer.PooledByteBufAllocator - -Dio.netty.allocator.pageSize: 8192
DEBUG main io.netty.buffer.PooledByteBufAllocator - -Dio.netty.allocator.maxOrder: 9
DEBUG main io.netty.buffer.PooledByteBufAllocator - -Dio.netty.allocator.chunkSize: 4194304
DEBUG main io.netty.buffer.PooledByteBufAllocator - -Dio.netty.allocator.smallCacheSize: 256
DEBUG main io.netty.buffer.PooledByteBufAllocator - -Dio.netty.allocator.normalCacheSize: 64
DEBUG main io.netty.buffer.PooledByteBufAllocator - -Dio.netty.allocator.maxCachedBufferCapacity: 32768
DEBUG main io.netty.buffer.PooledByteBufAllocator - -Dio.netty.allocator.cacheTrimInterval: 8192
DEBUG main io.netty.buffer.PooledByteBufAllocator - -Dio.netty.allocator.cacheTrimIntervalMillis: 0
DEBUG main io.netty.buffer.PooledByteBufAllocator - -Dio.netty.allocator.useCacheForAllThreads: false
DEBUG main io.netty.buffer.PooledByteBufAllocator - -Dio.netty.allocator.maxCachedByteBuffersPerChunk: 1023
DEBUG main io.netty.buffer.ByteBufUtil - -Dio.netty.allocator.type: pooled
DEBUG main io.netty.buffer.ByteBufUtil - -Dio.netty.threadLocalDirectBufferSize: 0
DEBUG main io.netty.buffer.ByteBufUtil - -Dio.netty.maxThreadLocalCharBufferSize: 16384
DEBUG Forwarding newSession on session null to remote io.netty.channel.DefaultChannelId - -Dio.netty.processId: 24900 (auto-detected)
DEBUG Forwarding newSession on session null to remote io.netty.util.NetUtil - -Djava.net.preferIPv4Stack: false
DEBUG Forwarding newSession on session null to remote io.netty.util.NetUtil - -Djava.net.preferIPv6Addresses: false
DEBUG Forwarding newSession on session null to remote io.netty.util.NetUtilInitializations - Loopback interface: lo (Software Loopback Interface 1, 127.0.0.1)
DEBUG Forwarding newSession on session null to remote io.netty.util.NetUtil - Failed to get SOMAXCONN from sysctl and file \proc\sys\net\core\somaxconn. Default: 200
DEBUG Forwarding newSession on session null to remote io.netty.channel.DefaultChannelId - -Dio.netty.machineId: c0:06:c3:ff:fe:e0:87:cb (auto-detected)
DEBUG AsyncHttpClient-1-2 io.netty.buffer.AbstractByteBuf - -Dio.netty.buffer.checkAccessible: true
DEBUG AsyncHttpClient-1-2 io.netty.buffer.AbstractByteBuf - -Dio.netty.buffer.checkBounds: true
DEBUG AsyncHttpClient-1-2 io.netty.util.ResourceLeakDetectorFactory - Loaded default ResourceLeakDetector: io.netty.util.ResourceLeakDetector@1e9df63c
DEBUG AsyncHttpClient-1-2 org.asynchttpclient.netty.channel.NettyConnectListener - Using new Channel '[id: 0xb70f9661, L:/127.0.0.1:56503 - R:localhost/127.0.0.1:13454]' for 'POST' to '/session'
DEBUG AsyncHttpClient-1-2 io.netty.util.Recycler - -Dio.netty.recycler.maxCapacityPerThread: 4096
DEBUG AsyncHttpClient-1-2 io.netty.util.Recycler - -Dio.netty.recycler.ratio: 8
DEBUG AsyncHttpClient-1-2 io.netty.util.Recycler - -Dio.netty.recycler.chunkSize: 32
DEBUG AsyncHttpClient-1-2 io.netty.util.Recycler - -Dio.netty.recycler.blocking: false
DEBUG AsyncHttpClient-1-2 io.netty.util.Recycler - -Dio.netty.recycler.batchFastThreadLocalOnly: true
DEBUG AsyncHttpClient-1-2 io.netty.handler.codec.compression.Brotli - brotli4j not in the classpath; Brotli support will be unavailable.
DEBUG AsyncHttpClient-1-2 org.asynchttpclient.netty.handler.HttpHandler - 

Request DefaultHttpRequest(decodeResult: success, version: HTTP/1.1)
POST /session HTTP/1.1
User-Agent: selenium/4.9.0 (java windows)
Content-Length: 294
Content-Type: application/json; charset=utf-8
host: localhost:13454
accept: */*

Response DefaultHttpResponse(decodeResult: success, version: HTTP/1.1)
HTTP/1.1 200 OK
Content-Length: 860
Content-Type: application/json; charset=utf-8
cache-control: no-cache

DEBUG AsyncHttpClient-1-2 org.asynchttpclient.netty.channel.ChannelManager - Adding key: http://localhost:13454 for channel [id: 0xb70f9661, L:/127.0.0.1:56503 - R:localhost/127.0.0.1:13454]
DEBUG AsyncHttpClient-1-3 org.asynchttpclient.netty.channel.NettyConnectListener - Using new Channel '[id: 0x02ccda2b, L:/127.0.0.1:56509 - R:localhost/127.0.0.1:56504]' for 'GET' to '/json/version'
DEBUG AsyncHttpClient-1-3 org.asynchttpclient.netty.handler.HttpHandler - 

Request DefaultFullHttpRequest(decodeResult: success, version: HTTP/1.1, content: EmptyByteBufBE)
GET /json/version HTTP/1.1
User-Agent: selenium/4.9.0 (java windows)
host: localhost:56504
accept: */*

Response DefaultHttpResponse(decodeResult: success, version: HTTP/1.1)
HTTP/1.1 200 OK
Content-Security-Policy: frame-ancestors 'none'
Content-Length: 424
Content-Type: application/json; charset=UTF-8

DEBUG AsyncHttpClient-1-3 org.asynchttpclient.netty.channel.ChannelManager - Adding key: http://localhost:56504 for channel [id: 0x02ccda2b, L:/127.0.0.1:56509 - R:localhost/127.0.0.1:56504]
DEBUG main io.netty.util.internal.ThreadLocalRandom - -Dio.netty.initialSeedUniquifier: 0x85228bb2efb87d09
DEBUG AsyncHttpClient-1-4 org.asynchttpclient.netty.channel.NettyConnectListener - Using new Channel '[id: 0x856ce302, L:/127.0.0.1:56510 - R:localhost/127.0.0.1:56504]' for 'GET' to '/devtools/browser/c77c6b9f-46dc-4811-b0b1-b16df130d549'
DEBUG AsyncHttpClient-1-4 org.asynchttpclient.netty.handler.WebSocketHandler - 

Request DefaultFullHttpRequest(decodeResult: success, version: HTTP/1.1, content: EmptyByteBufBE)
GET /devtools/browser/c77c6b9f-46dc-4811-b0b1-b16df130d549 HTTP/1.1
upgrade: websocket
connection: upgrade
sec-websocket-key: ZNgflt/KWbOx7gK3IPz1aQ==
sec-websocket-version: 13
origin: http://localhost:56504
host: localhost:56504
accept: */*
user-agent: AHC/2.1

Response DefaultHttpResponse(decodeResult: success, version: HTTP/1.1)
HTTP/1.1 101 WebSocket Protocol Handshake
Upgrade: WebSocket
Connection: Upgrade
Sec-WebSocket-Accept: FdcyxiWpAMpkq4kd8E59AEivJ2k=

DEBUG Forwarding get on session f50602d9c014101a4cab05c9ad7a0488 to remote org.asynchttpclient.netty.request.NettyRequestSender - Using pooled Channel '[id: 0xb70f9661, L:/127.0.0.1:56503 - R:localhost/127.0.0.1:13454]' for 'POST' to 'http://localhost:13454/session/f50602d9c014101a4cab05c9ad7a0488/url'
DEBUG Forwarding get on session f50602d9c014101a4cab05c9ad7a0488 to remote org.asynchttpclient.netty.request.NettyRequestSender - Using open Channel [id: 0xb70f9661, L:/127.0.0.1:56503 - R:localhost/127.0.0.1:13454] for POST '/session/f50602d9c014101a4cab05c9ad7a0488/url'
DEBUG AsyncHttpClient-1-1 org.asynchttpclient.netty.channel.DefaultChannelPool - Entry count for : http://localhost:56504 : 1
DEBUG AsyncHttpClient-1-2 org.asynchttpclient.netty.handler.HttpHandler - 

Request DefaultHttpRequest(decodeResult: success, version: HTTP/1.1)
POST /session/f50602d9c014101a4cab05c9ad7a0488/url HTTP/1.1
User-Agent: selenium/4.9.0 (java windows)
Content-Length: 47
Content-Type: application/json; charset=utf-8
host: localhost:13454
accept: */*

Response DefaultHttpResponse(decodeResult: success, version: HTTP/1.1)
HTTP/1.1 200 OK
Content-Length: 14
Content-Type: application/json; charset=utf-8
cache-control: no-cache

DEBUG AsyncHttpClient-1-2 org.asynchttpclient.netty.channel.ChannelManager - Adding key: http://localhost:13454 for channel [id: 0xb70f9661, L:/127.0.0.1:56503 - R:localhost/127.0.0.1:13454]
DEBUG Forwarding close on session f50602d9c014101a4cab05c9ad7a0488 to remote org.asynchttpclient.netty.request.NettyRequestSender - Using pooled Channel '[id: 0xb70f9661, L:/127.0.0.1:56503 - R:localhost/127.0.0.1:13454]' for 'DELETE' to 'http://localhost:13454/session/f50602d9c014101a4cab05c9ad7a0488/window'
DEBUG Forwarding close on session f50602d9c014101a4cab05c9ad7a0488 to remote org.asynchttpclient.netty.request.NettyRequestSender - Using open Channel [id: 0xb70f9661, L:/127.0.0.1:56503 - R:localhost/127.0.0.1:13454] for DELETE '/session/f50602d9c014101a4cab05c9ad7a0488/window'
DEBUG AsyncHttpClient-1-3 org.asynchttpclient.netty.handler.HttpHandler - Unexpected I/O exception on channel [id: 0x02ccda2b, L:/127.0.0.1:56509 - R:localhost/127.0.0.1:56504]
java.io.IOException: An existing connection was forcibly closed by the remote host
	at java.base/sun.nio.ch.SocketDispatcher.read0(Native Method)
	at java.base/sun.nio.ch.SocketDispatcher.read(SocketDispatcher.java:43)
	at java.base/sun.nio.ch.IOUtil.readIntoNativeBuffer(IOUtil.java:276)
	at java.base/sun.nio.ch.IOUtil.read(IOUtil.java:233)
	at java.base/sun.nio.ch.IOUtil.read(IOUtil.java:223)
	at java.base/sun.nio.ch.SocketChannelImpl.read(SocketChannelImpl.java:356)
	at io.netty.buffer.PooledByteBuf.setBytes(PooledByteBuf.java:256)
	at io.netty.buffer.AbstractByteBuf.writeBytes(AbstractByteBuf.java:1132)
	at io.netty.channel.socket.nio.NioSocketChannel.doReadBytes(NioSocketChannel.java:357)
	at io.netty.channel.nio.AbstractNioByteChannel$NioByteUnsafe.read(AbstractNioByteChannel.java:151)
	at io.netty.channel.nio.NioEventLoop.processSelectedKey(NioEventLoop.java:788)
	at io.netty.channel.nio.NioEventLoop.processSelectedKeysOptimized(NioEventLoop.java:724)
	at io.netty.channel.nio.NioEventLoop.processSelectedKeys(NioEventLoop.java:650)
	at io.netty.channel.nio.NioEventLoop.run(NioEventLoop.java:562)
	at io.netty.util.concurrent.SingleThreadEventExecutor$4.run(SingleThreadEventExecutor.java:997)
	at io.netty.util.internal.ThreadExecutorMap$2.run(ThreadExecutorMap.java:74)
	at io.netty.util.concurrent.FastThreadLocalRunnable.run(FastThreadLocalRunnable.java:30)
	at java.base/java.lang.Thread.run(Thread.java:829)
DEBUG AsyncHttpClient-1-3 org.asynchttpclient.netty.channel.ChannelManager - Closing Channel [id: 0x02ccda2b, L:/127.0.0.1:56509 - R:localhost/127.0.0.1:56504] 
DEBUG AsyncHttpClient-1-4 org.asynchttpclient.netty.handler.WebSocketHandler - Unexpected I/O exception on channel [id: 0x856ce302, L:/127.0.0.1:56510 - R:localhost/127.0.0.1:56504]
java.io.IOException: An existing connection was forcibly closed by the remote host
	at java.base/sun.nio.ch.SocketDispatcher.read0(Native Method)
	at java.base/sun.nio.ch.SocketDispatcher.read(SocketDispatcher.java:43)
	at java.base/sun.nio.ch.IOUtil.readIntoNativeBuffer(IOUtil.java:276)
	at java.base/sun.nio.ch.IOUtil.read(IOUtil.java:233)
	at java.base/sun.nio.ch.IOUtil.read(IOUtil.java:223)
	at java.base/sun.nio.ch.SocketChannelImpl.read(SocketChannelImpl.java:356)
	at io.netty.buffer.PooledByteBuf.setBytes(PooledByteBuf.java:256)
	at io.netty.buffer.AbstractByteBuf.writeBytes(AbstractByteBuf.java:1132)
	at io.netty.channel.socket.nio.NioSocketChannel.doReadBytes(NioSocketChannel.java:357)
	at io.netty.channel.nio.AbstractNioByteChannel$NioByteUnsafe.read(AbstractNioByteChannel.java:151)
	at io.netty.channel.nio.NioEventLoop.processSelectedKey(NioEventLoop.java:788)
	at io.netty.channel.nio.NioEventLoop.processSelectedKeysOptimized(NioEventLoop.java:724)
	at io.netty.channel.nio.NioEventLoop.processSelectedKeys(NioEventLoop.java:650)
	at io.netty.channel.nio.NioEventLoop.run(NioEventLoop.java:562)
	at io.netty.util.concurrent.SingleThreadEventExecutor$4.run(SingleThreadEventExecutor.java:997)
	at io.netty.util.internal.ThreadExecutorMap$2.run(ThreadExecutorMap.java:74)
	at io.netty.util.concurrent.FastThreadLocalRunnable.run(FastThreadLocalRunnable.java:30)
	at java.base/java.lang.Thread.run(Thread.java:829)
DEBUG AsyncHttpClient-1-4 org.asynchttpclient.netty.handler.WebSocketHandler - Trying to recover from dead Channel: [id: 0x856ce302, L:/127.0.0.1:56510 - R:localhost/127.0.0.1:56504]
DEBUG AsyncHttpClient-1-4 org.asynchttpclient.netty.handler.WebSocketHandler - Channel Closed: [id: 0x856ce302, L:/127.0.0.1:56510 ! R:localhost/127.0.0.1:56504] with attribute NettyResponseFuture{currentRetry=0,
	isDone=1,
	isCancelled=0,
	asyncHandler=org.asynchttpclient.ws.WebSocketUpgradeHandler@14506763,
	nettyRequest=org.asynchttpclient.netty.request.NettyRequest@6184d42,
	future=java.util.concurrent.CompletableFuture@240a938[Completed normally],
	uri=ws://localhost:56504/devtools/browser/c77c6b9f-46dc-4811-b0b1-b16df130d549,
	keepAlive=true,
	redirectCount=0,
	timeoutsHolder=null,
	inAuth=0,
	touch=1682503355877}
DEBUG AsyncHttpClient-1-3 org.asynchttpclient.netty.handler.HttpHandler - Channel Closed: [id: 0x02ccda2b, L:/127.0.0.1:56509 ! R:localhost/127.0.0.1:56504] with attribute DISCARD
DEBUG AsyncHttpClient-1-4 org.asynchttpclient.netty.channel.ChannelManager - Closing Channel [id: 0x856ce302, L:/127.0.0.1:56510 ! R:localhost/127.0.0.1:56504] 
DEBUG AsyncHttpClient-1-2 org.asynchttpclient.netty.handler.HttpHandler - 

Request DefaultFullHttpRequest(decodeResult: success, version: HTTP/1.1, content: EmptyByteBufBE)
DELETE /session/f50602d9c014101a4cab05c9ad7a0488/window HTTP/1.1
User-Agent: selenium/4.9.0 (java windows)
Content-Type: application/json; charset=utf-8
host: localhost:13454
accept: */*

Response DefaultHttpResponse(decodeResult: success, version: HTTP/1.1)
HTTP/1.1 200 OK
Content-Length: 12
Content-Type: application/json; charset=utf-8
cache-control: no-cache

DEBUG AsyncHttpClient-1-2 org.asynchttpclient.netty.channel.ChannelManager - Adding key: http://localhost:13454 for channel [id: 0xb70f9661, L:/127.0.0.1:56503 - R:localhost/127.0.0.1:13454]
DEBUG Driver Command Executor org.asynchttpclient.netty.request.NettyRequestSender - Using pooled Channel '[id: 0xb70f9661, L:/127.0.0.1:56503 - R:localhost/127.0.0.1:13454]' for 'DELETE' to 'http://localhost:13454/session/f50602d9c014101a4cab05c9ad7a0488'
DEBUG Driver Command Executor org.asynchttpclient.netty.request.NettyRequestSender - Using open Channel [id: 0xb70f9661, L:/127.0.0.1:56503 - R:localhost/127.0.0.1:13454] for DELETE '/session/f50602d9c014101a4cab05c9ad7a0488'
DEBUG AsyncHttpClient-1-2 org.asynchttpclient.netty.handler.HttpHandler - 

Request DefaultFullHttpRequest(decodeResult: success, version: HTTP/1.1, content: EmptyByteBufBE)
DELETE /session/f50602d9c014101a4cab05c9ad7a0488 HTTP/1.1
User-Agent: selenium/4.9.0 (java windows)
Content-Type: application/json; charset=utf-8
host: localhost:13454
accept: */*

Response DefaultHttpResponse(decodeResult: success, version: HTTP/1.1)
HTTP/1.1 200 OK
Content-Length: 14
Content-Type: application/json; charset=utf-8
cache-control: no-cache

DEBUG AsyncHttpClient-1-2 org.asynchttpclient.netty.channel.ChannelManager - Adding key: http://localhost:13454 for channel [id: 0xb70f9661, L:/127.0.0.1:56503 - R:localhost/127.0.0.1:13454]
DEBUG AsyncHttpClient-1-2 org.asynchttpclient.netty.handler.HttpHandler - Channel Closed: [id: 0xb70f9661, L:/127.0.0.1:56503 ! R:localhost/127.0.0.1:13454] with attribute DISCARD
